Importer Log Report
Document: C:\Users\arnav\Documents\GitHub\ti84-usbc\ti84_usbc.kicad_sch
    Section : Loading Schematic - C:\Users\arnav\Documents\GitHub\ti84-usbc\ti84_usbc.kicad_sch
        Warning: Unknown child uuid of no_connect.
        Warning: Unknown child uuid of no_connect.
        Warning: Unknown child uuid of no_connect.
        Warning: Unknown child uuid of no_connect.
        Warning: Unknown child uuid of no_connect.
        Warning: Unknown child uuid of no_connect.
        Warning: Unknown child uuid of no_connect.
        Warning: Unknown child dnp of symbol.
        Warning: Unknown child instances of symbol.
        Warning: Unknown child dnp of symbol.
        Warning: Unknown child instances of symbol.
        Warning: Unknown child dnp of symbol.
        Warning: Unknown child instances of symbol.
        Warning: Unknown child dnp of symbol.
        Warning: Unknown child instances of symbol.
        Warning: Unknown child dnp of symbol.
        Warning: Unknown child instances of symbol.
        Warning: Unknown child dnp of symbol.
        Warning: Unknown child instances of symbol.
        Warning: Unknown child dnp of symbol.
        Warning: Unknown child instances of symbol.
        Warning: Unknown child dnp of symbol.
        Warning: Unknown child instances of symbol.
        Warning: Unknown child dnp of symbol.
        Warning: Unknown child instances of symbol.
        Warning: Unknown child dnp of symbol.
        Warning: Unknown child instances of symbol.
        Warning: Unknown child dnp of symbol.
        Warning: Unknown child instances of symbol.
        Warning: Unknown child dnp of symbol.
        Warning: Unknown child instances of symbol.
        Warning: Unknown child dnp of symbol.
        Warning: Unknown child instances of symbol.
        Warning: Unknown child dnp of symbol.
        Warning: Unknown child instances of symbol.
        Warning: Unknown child dnp of symbol.
        Warning: Unknown child instances of symbol.
    EndSection
    Section : Loading Schematic - C:\Users\arnav\Documents\GitHub\ti84-usbc\ti84_usbc.kicad_sch
        Warning: Unknown child uuid of no_connect.
        Warning: Unknown child uuid of no_connect.
        Warning: Unknown child uuid of no_connect.
        Warning: Unknown child uuid of no_connect.
        Warning: Unknown child uuid of no_connect.
        Warning: Unknown child uuid of no_connect.
        Warning: Unknown child uuid of no_connect.
        Warning: Unknown child dnp of symbol.
        Warning: Unknown child instances of symbol.
        Warning: Unknown child dnp of symbol.
        Warning: Unknown child instances of symbol.
        Warning: Unknown child dnp of symbol.
        Warning: Unknown child instances of symbol.
        Warning: Unknown child dnp of symbol.
        Warning: Unknown child instances of symbol.
        Warning: Unknown child dnp of symbol.
        Warning: Unknown child instances of symbol.
        Warning: Unknown child dnp of symbol.
        Warning: Unknown child instances of symbol.
        Warning: Unknown child dnp of symbol.
        Warning: Unknown child instances of symbol.
        Warning: Unknown child dnp of symbol.
        Warning: Unknown child instances of symbol.
        Warning: Unknown child dnp of symbol.
        Warning: Unknown child instances of symbol.
        Warning: Unknown child dnp of symbol.
        Warning: Unknown child instances of symbol.
        Warning: Unknown child dnp of symbol.
        Warning: Unknown child instances of symbol.
        Warning: Unknown child dnp of symbol.
        Warning: Unknown child instances of symbol.
        Warning: Unknown child dnp of symbol.
        Warning: Unknown child instances of symbol.
        Warning: Unknown child dnp of symbol.
        Warning: Unknown child instances of symbol.
        Warning: Unknown child dnp of symbol.
        Warning: Unknown child instances of symbol.
    EndSection
